<?xml version="1.0" encoding="UTF-8"?>
<!-- Generated by org.testng.reporters.JUnitXMLReporter -->
<testsuite ignored="0" hostname="ABP-HQ2--QA100" failures="1" tests="1" name="MiscFunc" time="40.018" errors="0" timestamp="2022-07-30T03:44:23 WAT">
  <testcase classname="FredAutomation.MiscFunc" name="miscFns" time="35.916">
    <failure type="java.lang.AssertionError" message="The following asserts failed:
	The link with Text: Broken Link failed with code 404 expected [true] but found [false]">
      <![CDATA[java.lang.AssertionError: The following asserts failed:
The link with Text: Broken Link failed with code 404 expected [true] but found [false]
at FredAutomation.MiscFunc.miscFns(MiscFunc.java:88)
at java.base/java.util.ArrayList.forEach(ArrayList.java:1511)
at java.base/java.util.concurrent.FutureTask.run(FutureTask.java:264)
at java.base/java.util.concurrent.ThreadPoolExecutor.runWorker(ThreadPoolExecutor.java:1136)
at java.base/java.util.concurrent.ThreadPoolExecutor$Worker.run(ThreadPoolExecutor.java:635)
at java.base/java.lang.Thread.run(Thread.java:833)
... Removed 17 stack frames]]>
    </failure>
  </testcase> <!-- miscFns -->
</testsuite> <!-- MiscFunc -->
