<?xml version="1.0" encoding="UTF-8"?>
<testsuite xmlns:xsi="http://www.w3.org/2001/XMLSchema-instance" xsi:noNamespaceSchemaLocation="https://maven.apache.org/surefire/maven-surefire-plugin/xsd/surefire-test-report-3.0.xsd" version="3.0" name="TestSuite" time="298.16" tests="11" errors="0" skipped="0" failures="1">
  <properties>
[...]
</properties>
  <testcase name="relativeLoc" classname="FredAutomation.RelativeLoc" time="7.263">
    <system-err><![CDATA[SLF4J: Failed to load class "org.slf4j.impl.StaticLoggerBinder".
SLF4J: Defaulting to no-operation (NOP) logger implementation
SLF4J: See http://www.slf4j.org/codes.html#StaticLoggerBinder for further details.
SSStttaaartrrittngiinn Cggh  rCComhherrDrooimmveeerDD 1rr0i3i.v0v.ee5r0r6  011.0013334.. 00(..855ec00666f00ce..4110333b443  f((e88beecc066f8fc6ce9e4b40070333b23bed3fa8febebd9b05800168169d39b30b3c70-r37e32fs2e/edbrdaaa8ncb8h-bdhe9da59ds50/105110d1603d@33{33#c312c-6-r2refe}fs)s //bobnrr aaponnrccthh 5--1hh8ee5aa6ddss
//O55n00l66y00 @@l{{o#c#1a12l26 62c2}o})n)n  oeonc ntip onposor atrr te 5 a96l03lo67w90ed3.
O

nOPlnlyle yasl elo scoeeca alhtl tpc sco:no//nncnehrecomtceidtroiivonesnr.s cha raromeriue ma. loalrlogl/sowewecuedrid.t.y-
c
PonlPsleideaesaraesti osens e fesore  hesu tgghteptststio:pns/s :/onc/ kh/ercephoimrnoeg dmCerhidrvromeiervDr.eircv.herrc hosmraoifemu.miu.
om.rgor/sge/csuecruirtiy-tcyo-cnosnidseirdaetriaotniso nfos r fsoru gsguegstgeiostniso onsn  koene kpeienpg inCgh rComhreDormeiDverriv seraf esa.f
e.
ChromeDrivChreCorhm rewDaorsi msveetDarrri tvweeadrs  w saustcsac restsestafdru tlsedlu cysc.uecs
csefusllsyf.u
lly.
Aug 04, 2022 8:29:45 PM org.openqa.selenium.remote.ProtocolHandshake createSession
INFO: Detected dialect: W3C
Aug 04, 2022 8:29:45 PM org.openqa.selenium.remote.ProtocolHandshake createSession
INFO: Detected dialect: W3C
Aug 04, 2022 8:29:45 PM org.openqa.selenium.remote.ProtocolHandshake createSession
INFO: Detected dialect: W3C
Aug 04, 2022 8:30:30 PM org.openqa.selenium.devtools.CdpVersionFinder findNearestMatch
WARNING: Unable to find an exact match for CDP version 103, so returning the closest version found: 101
Aug 04, 2022 8:30:30 PM org.openqa.selenium.devtools.CdpVersionFinder findNearestMatch
WARNING: Unable to find an exact match for CDP version 103, so returning the closest version found: 101
Aug 04, 2022 8:30:30 PM org.openqa.selenium.devtools.CdpVersionFinder findNearestMatch
WARNING: Unable to find an exact match for CDP version 103, so returning the closest version found: 101
Aug 04, 2022 8:30:30 PM org.openqa.selenium.devtools.CdpVersionFinder findNearestMatch
INFO: Found CDP implementation for version 103 of 101
Aug 04, 2022 8:30:30 PM org.openqa.selenium.devtools.CdpVersionFinder findNearestMatch
INFO: Found CDP implementation for version 103 of 101
Aug 04, 2022 8:30:30 PM org.openqa.selenium.devtools.CdpVersionFinder findNearestMatch
INFO: Found CDP implementation for version 103 of 101
]]></system-err>
  </testcase>
  <testcase name="sortedTables" classname="FredAutomation.SortedTable" time="8.364">
    <system-out><![CDATA[37
]]></system-out>
  </testcase>
  <testcase name="newTab" classname="FredAutomation.NewTab" time="3.11">
    <system-err><![CDATA[Aug 04, 2022 8:30:45 PM org.openqa.selenium.remote.http.WebSocket$Listener onError
WARNING: Connection reset
java.net.SocketException: Connection reset
	at java.base/sun.nio.ch.SocketChannelImpl.throwConnectionReset(SocketChannelImpl.java:394)
	at java.base/sun.nio.ch.SocketChannelImpl.read(SocketChannelImpl.java:426)
	at io.netty.buffer.PooledByteBuf.setBytes(PooledByteBuf.java:258)
	at io.netty.buffer.AbstractByteBuf.writeBytes(AbstractByteBuf.java:1132)
	at io.netty.channel.socket.nio.NioSocketChannel.doReadBytes(NioSocketChannel.java:357)
	at io.netty.channel.nio.AbstractNioByteChannel$NioByteUnsafe.read(AbstractNioByteChannel.java:151)
	at io.netty.channel.nio.NioEventLoop.processSelectedKey(NioEventLoop.java:722)
	at io.netty.channel.nio.NioEventLoop.processSelectedKeysOptimized(NioEventLoop.java:658)
	at io.netty.channel.nio.NioEventLoop.processSelectedKeys(NioEventLoop.java:584)
	at io.netty.channel.nio.NioEventLoop.run(NioEventLoop.java:496)
	at io.netty.util.concurrent.SingleThreadEventExecutor$4.run(SingleThreadEventExecutor.java:986)
	at io.netty.util.internal.ThreadExecutorMap$2.run(ThreadExecutorMap.java:74)
	at io.netty.util.concurrent.FastThreadLocalRunnable.run(FastThreadLocalRunnable.java:30)
	at java.base/java.lang.Thread.run(Thread.java:833)

SSttaartingr tChinrog meCDhrirovmeer 1D0r3i.v0e.r 5016003..103.450 (680.e13c46f c(e84e0c36bf3cfee4b0038b639fbe0b0783269ebda087b3d29e5d0a181bdd393350c1-1dr3e3fs/bra3nchc-he-ardesf/s/branch-hea5ds/5006600@@{{##112262})6 2o}n)  poonr t p58o1r0t1 5
6O5n3l6y 
lOonclayl  lcoocnanle ccotninoencst iaroen sa lalroew eadl.lo
wPelde.as
eP lseeaes eh tstee hpttsp:/s/:c/h/rcohmreodmreidvrer.ivecr.hcrhormoimuimu.mo.rog/srecugr/isteyc-ucroinsitdyera-tions fcoor nssuigdgestieornast ioonn sk efeoping Chrr omeDrivseurg safe.g
estions on keeping ChromeDriver safe.
CChhrroommeeDDrriivveerr  wwaass  ssttaarrtteedd  ssucceuscscfeuslslfuyl.l
y.
Aug 04, 2022 8:31:09 PM org.openqa.selenium.remote.ProtocolHandshake createSession
INFO: Detected dialect: W3C
Aug 04, 2022 8:31:09 PM org.openqa.selenium.remote.ProtocolHandshake createSession
INFO: Detected dialect: W3C
Aug 04, 2022 8:31:09 PM org.openqa.selenium.devtools.CdpVersionFinder findNearestMatch
WARNING: Unable to find an exact match for CDP version 103, so returning the closest version found: 101
Aug 04, 2022 8:31:09 PM org.openqa.selenium.devtools.CdpVersionFinder findNearestMatch
INFO: Found CDP implementation for version 103 of 101
Aug 04, 2022 8:31:09 PM org.openqa.selenium.devtools.CdpVersionFinder findNearestMatch
WARNING: Unable to find an exact match for CDP version 103, so returning the closest version found: 101
Aug 04, 2022 8:31:09 PM org.openqa.selenium.devtools.CdpVersionFinder findNearestMatch
INFO: Found CDP implementation for version 103 of 101
]]></system-err>
  </testcase>
  <testcase name="qaClick" classname="FredAutomation.NewTab" time="39">
    <system-out><![CDATA[count of links in webpage:27
count of links in footer:20
count of links in column:5
Practice Page
QA Click Academy | Selenium,Jmeter,SoapUI,Appium,Database testing,QA Training Academy
]]></system-out>
    <system-err><![CDATA[Starting ChromeDriver 103.0.5060.134 (8ec6fce403b3feb0869b0732eda8bd95011d333c-refs/branch-heads/5060@{#1262}) on port 62463
Only local connections are allowed.
Please see https://chromedriver.chromium.org/security-considerations for suggestions on keeping ChromeDriver safe.
ChromeDriver was started successfully.
Starting ChromeDriver 103.0.5060.134 (8ec6fce403b3feb0869b0732eda8bd95011d333c-refs/branch-heads/5060@{#1262}) on port 60857
Only local connections are allowed.
Please see https://chromedriver.chromium.org/security-considerations for suggestions on keeping ChromeDriver safe.
ChromeDriver was started successfully.
Starting ChromeDriver 103.0.5060.134 (8ec6fce403b3feb0869b0732eda8bd95011d333c-refs/branch-heads/5060@{#1262}) on port 58575
Only local connections are allowed.
Please see https://chromedriver.chromium.org/security-considerations for suggestions on keeping ChromeDriver safe.
ChromeDriver was started successfully.
Aug 04, 2022 8:31:21 PM org.openqa.selenium.remote.ProtocolHandshake createSession
INFO: Detected dialect: W3C
Aug 04, 2022 8:31:21 PM org.openqa.selenium.devtools.CdpVersionFinder findNearestMatch
WARNING: Unable to find an exact match for CDP version 103, so returning the closest version found: 101
Aug 04, 2022 8:31:21 PM org.openqa.selenium.devtools.CdpVersionFinder findNearestMatch
INFO: Found CDP implementation for version 103 of 101
Aug 04, 2022 8:31:22 PM org.openqa.selenium.remote.ProtocolHandshake createSession
INFO: Detected dialect: W3C
Aug 04, 2022 8:31:22 PM org.openqa.selenium.devtools.CdpVersionFinder findNearestMatch
WARNING: Unable to find an exact match for CDP version 103, so returning the closest version found: 101
Aug 04, 2022 8:31:22 PM org.openqa.selenium.devtools.CdpVersionFinder findNearestMatch
INFO: Found CDP implementation for version 103 of 101
Aug 04, 2022 8:31:24 PM org.openqa.selenium.remote.ProtocolHandshake createSession
INFO: Detected dialect: W3C
Aug 04, 2022 8:31:24 PM org.openqa.selenium.devtools.CdpVersionFinder findNearestMatch
WARNING: Unable to find an exact match for CDP version 103, so returning the closest version found: 101
Aug 04, 2022 8:31:24 PM org.openqa.selenium.devtools.CdpVersionFinder findNearestMatch
INFO: Found CDP implementation for version 103 of 101
]]></system-err>
  </testcase>
  <testcase name="chromeOps" classname="FredAutomation.ChromeOps" time="3.685">
    <system-out><![CDATA[expired.badssl.com
]]></system-out>
  </testcase>
  <testcase name="filterTable" classname="FredAutomation.FilterTable" time="6.152">
    <system-out><![CDATA[filterResult: 1
checkedResult: 1
]]></system-out>
  </testcase>
  <testcase name="streamsJ" classname="FredAutomation.StreamsJ" time="0.044">
    <system-out><![CDATA[4
3
Austin
John
Amos
Yomi
Abas
----------------------------
Austin
John
*******************
Ada
Eze
Austin
John
Amos
Yomi
Abas
#########################
AUSTIN
JOHN
AMOS
YOMI
ABAS
#########################
true
Abas
Ada
Amos
Austin
Eze
John
Yomi
#########################
Ada
Eze
Austin
John
Amos
Yomi
Abas
AUSTIN
1
2
3
5
7
9
iiiiiiiiiiiiiiiiiiiiii
5
]]></system-out>
  </testcase>
  <testcase name="calendarPractice" classname="FredAutomation.CalendarPractice" time="57.917">
    <system-out><![CDATA[Apache JMeter - Apache JMeter™
]]></system-out>
  </testcase>
  <testcase name="automationPractice" classname="FredAutomation.AutomationPractice" time="47.292">
    <system-out><![CDATA[Appium Mobile Automation Testing from Scratch + Frameworks Tutorial | Udemy
The World's Most Popular API Testing Tool | SoapUI
REST API Tutorial
Practice Page
]]></system-out>
    <system-err><![CDATA[Starting ChromeDriver 103.0.5060.134 (8ec6fce403b3feb0869b0732eda8bd95011d333c-refs/branch-heads/5060@{#1262}) on port 53948
Only local connections are allowed.
Please see https://chromedriver.chromium.org/security-considerations for suggestions on keeping ChromeDriver safe.
Starting ChromeDriver 103.0.5060.134 (8ec6fce403b3feb0869b0732eda8bd95011d333c-refs/branch-heads/5060@{#1262}) on port 61000
Only local connections are allowed.
Please see https://chromedriver.chromium.org/security-considerations for suggestions on keeping ChromeDriver safe.
ChromeDriver was started successfully.
ChromeDriver was started successfully.
Aug 04, 2022 8:32:54 PM org.openqa.selenium.remote.ProtocolHandshake createSession
INFO: Detected dialect: W3C
Aug 04, 2022 8:32:54 PM org.openqa.selenium.remote.ProtocolHandshake createSession
INFO: Detected dialect: W3C
Aug 04, 2022 8:32:54 PM org.openqa.selenium.devtools.CdpVersionFinder findNearestMatch
WARNING: Unable to find an exact match for CDP version 103, so returning the closest version found: 101
Aug 04, 2022 8:32:54 PM org.openqa.selenium.devtools.CdpVersionFinder findNearestMatch
WARNING: Unable to find an exact match for CDP version 103, so returning the closest version found: 101
Aug 04, 2022 8:32:54 PM org.openqa.selenium.devtools.CdpVersionFinder findNearestMatch
INFO: Found CDP implementation for version 103 of 101
Aug 04, 2022 8:32:54 PM org.openqa.selenium.devtools.CdpVersionFinder findNearestMatch
INFO: Found CDP implementation for version 103 of 101
]]></system-err>
  </testcase>
  <testcase name="jsPractice" classname="FredAutomation.JavaScriptPractice" time="57.799">
    <system-out><![CDATA[amount calculated: 296
amount shown: 296
]]></system-out>
  </testcase>
  <testcase name="miscFns" classname="FredAutomation.MiscFunc" time="62.046">
    <failure message="www.soapui.org" type="java.net.UnknownHostException"><![CDATA[java.net.UnknownHostException: www.soapui.org
	at java.base/sun.nio.ch.NioSocketImpl.connect(NioSocketImpl.java:564)
	at java.base/java.net.SocksSocketImpl.connect(SocksSocketImpl.java:327)
	at java.base/java.net.Socket.connect(Socket.java:633)
	at java.base/sun.security.ssl.SSLSocketImpl.connect(SSLSocketImpl.java:304)
	at java.base/sun.security.ssl.BaseSSLSocketImpl.connect(BaseSSLSocketImpl.java:174)
	at java.base/sun.net.NetworkClient.doConnect(NetworkClient.java:183)
	at java.base/sun.net.www.http.HttpClient.openServer(HttpClient.java:498)
	at java.base/sun.net.www.http.HttpClient.openServer(HttpClient.java:603)
	at java.base/sun.net.www.protocol.https.HttpsClient.<init>(HttpsClient.java:264)
	at java.base/sun.net.www.protocol.https.HttpsClient.New(HttpsClient.java:378)
	at java.base/sun.net.www.protocol.https.AbstractDelegateHttpsURLConnection.getNewHttpClient(AbstractDelegateHttpsURLConnection.java:189)
	at java.base/sun.net.www.protocol.http.HttpURLConnection.plainConnect0(HttpURLConnection.java:1242)
	at java.base/sun.net.www.protocol.http.HttpURLConnection.plainConnect(HttpURLConnection.java:1128)
	at java.base/sun.net.www.protocol.https.AbstractDelegateHttpsURLConnection.connect(AbstractDelegateHttpsURLConnection.java:175)
	at java.base/sun.net.www.protocol.https.HttpsURLConnectionImpl.connect(HttpsURLConnectionImpl.java:142)
	at FredAutomation.MiscFunc.miscFns(MiscFunc.java:81)
	at java.base/jdk.internal.reflect.DirectMethodHandleAccessor.invoke(DirectMethodHandleAccessor.java:104)
	at java.base/java.lang.reflect.Method.invoke(Method.java:577)
	at org.testng.internal.invokers.MethodInvocationHelper.invokeMethod(MethodInvocationHelper.java:139)
	at org.testng.internal.invokers.TestInvoker.invokeMethod(TestInvoker.java:677)
	at org.testng.internal.invokers.TestInvoker.invokeTestMethod(TestInvoker.java:221)
	at org.testng.internal.invokers.MethodRunner.runInSequence(MethodRunner.java:50)
	at org.testng.internal.invokers.TestInvoker$MethodInvocationAgent.invoke(TestInvoker.java:962)
	at org.testng.internal.invokers.TestInvoker.invokeTestMethods(TestInvoker.java:194)
	at org.testng.internal.invokers.TestMethodWorker.invokeTestMethods(TestMethodWorker.java:148)
	at org.testng.internal.invokers.TestMethodWorker.run(TestMethodWorker.java:128)
	at java.base/java.util.ArrayList.forEach(ArrayList.java:1511)
	at org.testng.TestRunner.privateRun(TestRunner.java:806)
	at org.testng.TestRunner.run(TestRunner.java:601)
	at org.testng.SuiteRunner.runTest(SuiteRunner.java:433)
	at org.testng.SuiteRunner$SuiteWorker.run(SuiteRunner.java:471)
	at org.testng.internal.thread.ThreadUtil.lambda$execute$0(ThreadUtil.java:58)
	at java.base/java.util.concurrent.FutureTask.run(FutureTask.java:264)
	at java.base/java.util.concurrent.ThreadPoolExecutor.runWorker(ThreadPoolExecutor.java:1136)
	at java.base/java.util.concurrent.ThreadPoolExecutor$Worker.run(ThreadPoolExecutor.java:635)
	at java.base/java.lang.Thread.run(Thread.java:833)
]]></failure>
    <system-out><![CDATA[https://rahulshettyacademy.com/AutomationPractice/# 200
http://www.restapitutorial.com/ 301
]]></system-out>
  </testcase>
</testsuite>