<?xml version="1.0" encoding="UTF-8"?>
<testng-results ignored="0" total="11" passed="10" failed="1" skipped="0">
  <reporter-output>
  </reporter-output>
  <suite started-at="2022-07-30T03:42:49 WAT" name="Suite" finished-at="2022-07-30T03:44:23 WAT" duration-ms="93592">
    <groups>
    </groups>
    <test started-at="2022-07-30T03:42:49 WAT" name="RelativeLoc" finished-at="2022-07-30T03:43:01 WAT" duration-ms="11528">
      <class name="FredAutomation.RelativeLoc">
        <test-method is-config="true" signature="setupAll()[pri:0, instance:FredAutomation.RelativeLoc@1ab3a8c8]" started-at="2022-07-30T03:42:49 WAT" name="setupAll" finished-at="2022-07-30T03:42:50 WAT" duration-ms="421" status="PASS">
          <reporter-output>
          </reporter-output>
        </test-method> <!-- setupAll -->
        <test-method is-config="true" signature="setup()[pri:0, instance:FredAutomation.RelativeLoc@1ab3a8c8]" started-at="2022-07-30T03:42:50 WAT" name="setup" finished-at="2022-07-30T03:42:53 WAT" duration-ms="3132" status="PASS">
          <reporter-output>
          </reporter-output>
        </test-method> <!-- setup -->
        <test-method signature="relativeLoc()[pri:0, instance:FredAutomation.RelativeLoc@1ab3a8c8]" started-at="2022-07-30T03:42:53 WAT" name="relativeLoc" finished-at="2022-07-30T03:43:00 WAT" duration-ms="7663" status="PASS">
          <reporter-output>
          </reporter-output>
        </test-method> <!-- relativeLoc -->
        <test-method is-config="true" signature="teardown()[pri:0, instance:FredAutomation.RelativeLoc@1ab3a8c8]" started-at="2022-07-30T03:43:00 WAT" name="teardown" finished-at="2022-07-30T03:43:01 WAT" duration-ms="262" status="PASS">
          <reporter-output>
          </reporter-output>
        </test-method> <!-- teardown -->
      </class> <!-- FredAutomation.RelativeLoc -->
    </test> <!-- RelativeLoc -->
    <test started-at="2022-07-30T03:42:49 WAT" name="SortedTable" finished-at="2022-07-30T03:43:02 WAT" duration-ms="12850">
      <class name="FredAutomation.SortedTable">
        <test-method is-config="true" signature="setupAll()[pri:0, instance:FredAutomation.SortedTable@67d48005]" started-at="2022-07-30T03:42:49 WAT" name="setupAll" finished-at="2022-07-30T03:42:50 WAT" duration-ms="541" status="PASS">
          <reporter-output>
          </reporter-output>
        </test-method> <!-- setupAll -->
        <test-method is-config="true" signature="setup()[pri:0, instance:FredAutomation.SortedTable@67d48005]" started-at="2022-07-30T03:42:50 WAT" name="setup" finished-at="2022-07-30T03:42:55 WAT" duration-ms="5559" status="PASS">
          <reporter-output>
          </reporter-output>
        </test-method> <!-- setup -->
        <test-method signature="sortedTables()[pri:0, instance:FredAutomation.SortedTable@67d48005]" started-at="2022-07-30T03:42:55 WAT" name="sortedTables" finished-at="2022-07-30T03:43:02 WAT" duration-ms="6511" status="PASS">
          <reporter-output>
          </reporter-output>
        </test-method> <!-- sortedTables -->
        <test-method is-config="true" signature="teardown()[pri:0, instance:FredAutomation.SortedTable@67d48005]" started-at="2022-07-30T03:43:02 WAT" name="teardown" finished-at="2022-07-30T03:43:02 WAT" duration-ms="210" status="PASS">
          <reporter-output>
          </reporter-output>
        </test-method> <!-- teardown -->
      </class> <!-- FredAutomation.SortedTable -->
    </test> <!-- SortedTable -->
    <test started-at="2022-07-30T03:43:01 WAT" name="ChromeOps" finished-at="2022-07-30T03:43:11 WAT" duration-ms="10712">
      <class name="FredAutomation.ChromeOps">
        <test-method is-config="true" signature="setupAll()[pri:0, instance:FredAutomation.ChromeOps@222545dc]" started-at="2022-07-30T03:43:01 WAT" name="setupAll" finished-at="2022-07-30T03:43:02 WAT" duration-ms="1285" status="PASS">
          <reporter-output>
          </reporter-output>
        </test-method> <!-- setupAll -->
        <test-method is-config="true" signature="setup()[pri:0, instance:FredAutomation.ChromeOps@222545dc]" started-at="2022-07-30T03:43:02 WAT" name="setup" finished-at="2022-07-30T03:43:06 WAT" duration-ms="3766" status="PASS">
          <reporter-output>
          </reporter-output>
        </test-method> <!-- setup -->
        <test-method signature="chromeOps()[pri:0, instance:FredAutomation.ChromeOps@222545dc]" started-at="2022-07-30T03:43:06 WAT" name="chromeOps" finished-at="2022-07-30T03:43:10 WAT" duration-ms="4448" status="PASS">
          <reporter-output>
          </reporter-output>
        </test-method> <!-- chromeOps -->
        <test-method is-config="true" signature="teardown()[pri:0, instance:FredAutomation.ChromeOps@222545dc]" started-at="2022-07-30T03:43:10 WAT" name="teardown" finished-at="2022-07-30T03:43:11 WAT" duration-ms="1212" status="PASS">
          <reporter-output>
          </reporter-output>
        </test-method> <!-- teardown -->
      </class> <!-- FredAutomation.ChromeOps -->
    </test> <!-- ChromeOps -->
    <test started-at="2022-07-30T03:43:11 WAT" name="StreamsJ" finished-at="2022-07-30T03:43:11 WAT" duration-ms="11">
      <class name="FredAutomation.StreamsJ">
        <test-method signature="streamsJ()[pri:0, instance:FredAutomation.StreamsJ@35cabb2a]" started-at="2022-07-30T03:43:11 WAT" name="streamsJ" finished-at="2022-07-30T03:43:11 WAT" duration-ms="11" status="PASS">
          <reporter-output>
          </reporter-output>
        </test-method> <!-- streamsJ -->
      </class> <!-- FredAutomation.StreamsJ -->
    </test> <!-- StreamsJ -->
    <test started-at="2022-07-30T03:43:02 WAT" name="FilterTable" finished-at="2022-07-30T03:43:12 WAT" duration-ms="9651">
      <class name="FredAutomation.FilterTable">
        <test-method is-config="true" signature="setupAll()[pri:0, instance:FredAutomation.FilterTable@2d7275fc]" started-at="2022-07-30T03:43:02 WAT" name="setupAll" finished-at="2022-07-30T03:43:03 WAT" duration-ms="502" status="PASS">
          <reporter-output>
          </reporter-output>
        </test-method> <!-- setupAll -->
        <test-method is-config="true" signature="setup()[pri:0, instance:FredAutomation.FilterTable@2d7275fc]" started-at="2022-07-30T03:43:03 WAT" name="setup" finished-at="2022-07-30T03:43:05 WAT" duration-ms="2565" status="PASS">
          <reporter-output>
          </reporter-output>
        </test-method> <!-- setup -->
        <test-method signature="filterTable()[pri:0, instance:FredAutomation.FilterTable@2d7275fc]" started-at="2022-07-30T03:43:05 WAT" name="filterTable" finished-at="2022-07-30T03:43:11 WAT" duration-ms="6353" status="PASS">
          <reporter-output>
          </reporter-output>
        </test-method> <!-- filterTable -->
        <test-method is-config="true" signature="teardown()[pri:0, instance:FredAutomation.FilterTable@2d7275fc]" started-at="2022-07-30T03:43:11 WAT" name="teardown" finished-at="2022-07-30T03:43:12 WAT" duration-ms="229" status="PASS">
          <reporter-output>
          </reporter-output>
        </test-method> <!-- teardown -->
      </class> <!-- FredAutomation.FilterTable -->
    </test> <!-- FilterTable -->
    <test started-at="2022-07-30T03:43:11 WAT" name="CalendarPractice" finished-at="2022-07-30T03:43:43 WAT" duration-ms="31291">
      <class name="FredAutomation.CalendarPractice">
        <test-method is-config="true" signature="setupAll()[pri:0, instance:FredAutomation.CalendarPractice@49ec71f8]" started-at="2022-07-30T03:43:11 WAT" name="setupAll" finished-at="2022-07-30T03:43:12 WAT" duration-ms="327" status="PASS">
          <reporter-output>
          </reporter-output>
        </test-method> <!-- setupAll -->
        <test-method is-config="true" signature="setup()[pri:0, instance:FredAutomation.CalendarPractice@49ec71f8]" started-at="2022-07-30T03:43:12 WAT" name="setup" finished-at="2022-07-30T03:43:15 WAT" duration-ms="3181" status="PASS">
          <reporter-output>
          </reporter-output>
        </test-method> <!-- setup -->
        <test-method signature="calendarPractice()[pri:0, instance:FredAutomation.CalendarPractice@49ec71f8]" started-at="2022-07-30T03:43:15 WAT" name="calendarPractice" finished-at="2022-07-30T03:43:41 WAT" duration-ms="26354" status="PASS">
          <reporter-output>
          </reporter-output>
        </test-method> <!-- calendarPractice -->
        <test-method is-config="true" signature="teardown()[pri:0, instance:FredAutomation.CalendarPractice@49ec71f8]" started-at="2022-07-30T03:43:41 WAT" name="teardown" finished-at="2022-07-30T03:43:43 WAT" duration-ms="1426" status="PASS">
          <reporter-output>
          </reporter-output>
        </test-method> <!-- teardown -->
      </class> <!-- FredAutomation.CalendarPractice -->
    </test> <!-- CalendarPractice -->
    <test started-at="2022-07-30T03:42:49 WAT" name="NewTab" finished-at="2022-07-30T03:43:47 WAT" duration-ms="57863">
      <class name="FredAutomation.NewTab">
        <test-method is-config="true" signature="setupAll()[pri:0, instance:FredAutomation.NewTab@5b239d7d]" started-at="2022-07-30T03:42:49 WAT" name="setupAll" finished-at="2022-07-30T03:42:50 WAT" duration-ms="671" status="PASS">
          <reporter-output>
          </reporter-output>
        </test-method> <!-- setupAll -->
        <test-method is-config="true" signature="setup()[pri:0, instance:FredAutomation.NewTab@5b239d7d]" started-at="2022-07-30T03:42:50 WAT" name="setup" finished-at="2022-07-30T03:42:53 WAT" duration-ms="3004" status="PASS">
          <reporter-output>
          </reporter-output>
        </test-method> <!-- setup -->
        <test-method signature="newTab()[pri:0, instance:FredAutomation.NewTab@5b239d7d]" started-at="2022-07-30T03:42:53 WAT" name="newTab" finished-at="2022-07-30T03:43:18 WAT" duration-ms="25608" status="PASS">
          <reporter-output>
          </reporter-output>
        </test-method> <!-- newTab -->
        <test-method is-config="true" signature="teardown()[pri:0, instance:FredAutomation.NewTab@5b239d7d]" started-at="2022-07-30T03:43:18 WAT" name="teardown" finished-at="2022-07-30T03:43:19 WAT" duration-ms="256" status="PASS">
          <reporter-output>
          </reporter-output>
        </test-method> <!-- teardown -->
        <test-method is-config="true" signature="setup()[pri:0, instance:FredAutomation.NewTab@5b239d7d]" started-at="2022-07-30T03:43:19 WAT" name="setup" finished-at="2022-07-30T03:43:21 WAT" duration-ms="2552" status="PASS">
          <reporter-output>
          </reporter-output>
        </test-method> <!-- setup -->
        <test-method signature="qaClick()[pri:0, instance:FredAutomation.NewTab@5b239d7d]" started-at="2022-07-30T03:43:21 WAT" name="qaClick" finished-at="2022-07-30T03:43:46 WAT" duration-ms="24923" status="PASS">
          <reporter-output>
          </reporter-output>
        </test-method> <!-- qaClick -->
        <test-method is-config="true" signature="teardown()[pri:0, instance:FredAutomation.NewTab@5b239d7d]" started-at="2022-07-30T03:43:46 WAT" name="teardown" finished-at="2022-07-30T03:43:47 WAT" duration-ms="820" status="PASS">
          <reporter-output>
          </reporter-output>
        </test-method> <!-- teardown -->
      </class> <!-- FredAutomation.NewTab -->
    </test> <!-- NewTab -->
    <test started-at="2022-07-30T03:43:12 WAT" name="AutomationPractice" finished-at="2022-07-30T03:44:02 WAT" duration-ms="50707">
      <class name="FredAutomation.AutomationPractice">
        <test-method is-config="true" signature="setupAll()[pri:0, instance:FredAutomation.AutomationPractice@74fe5c40]" started-at="2022-07-30T03:43:12 WAT" name="setupAll" finished-at="2022-07-30T03:43:12 WAT" duration-ms="191" status="PASS">
          <reporter-output>
          </reporter-output>
        </test-method> <!-- setupAll -->
        <test-method is-config="true" signature="setup()[pri:0, instance:FredAutomation.AutomationPractice@74fe5c40]" started-at="2022-07-30T03:43:12 WAT" name="setup" finished-at="2022-07-30T03:43:14 WAT" duration-ms="2052" status="PASS">
          <reporter-output>
          </reporter-output>
        </test-method> <!-- setup -->
        <test-method signature="automationPractice()[pri:0, instance:FredAutomation.AutomationPractice@74fe5c40]" started-at="2022-07-30T03:43:14 WAT" name="automationPractice" finished-at="2022-07-30T03:44:00 WAT" duration-ms="46092" status="PASS">
          <reporter-output>
          </reporter-output>
        </test-method> <!-- automationPractice -->
        <test-method is-config="true" signature="teardown()[pri:0, instance:FredAutomation.AutomationPractice@74fe5c40]" started-at="2022-07-30T03:44:00 WAT" name="teardown" finished-at="2022-07-30T03:44:02 WAT" duration-ms="2367" status="PASS">
          <reporter-output>
          </reporter-output>
        </test-method> <!-- teardown -->
      </class> <!-- FredAutomation.AutomationPractice -->
    </test> <!-- AutomationPractice -->
    <test started-at="2022-07-30T03:43:47 WAT" name="JavaScriptPractice" finished-at="2022-07-30T03:44:10 WAT" duration-ms="23242">
      <class name="FredAutomation.JavaScriptPractice">
        <test-method is-config="true" signature="setupAll()[pri:0, instance:FredAutomation.JavaScriptPractice@6adbc9d]" started-at="2022-07-30T03:43:47 WAT" name="setupAll" finished-at="2022-07-30T03:43:49 WAT" duration-ms="2091" status="PASS">
          <reporter-output>
          </reporter-output>
        </test-method> <!-- setupAll -->
        <test-method is-config="true" signature="setup()[pri:0, instance:FredAutomation.JavaScriptPractice@6adbc9d]" started-at="2022-07-30T03:43:49 WAT" name="setup" finished-at="2022-07-30T03:43:51 WAT" duration-ms="1614" status="PASS">
          <reporter-output>
          </reporter-output>
        </test-method> <!-- setup -->
        <test-method signature="jsPractice()[pri:0, instance:FredAutomation.JavaScriptPractice@6adbc9d]" started-at="2022-07-30T03:43:51 WAT" name="jsPractice" finished-at="2022-07-30T03:44:10 WAT" duration-ms="19179" status="PASS">
          <reporter-output>
          </reporter-output>
        </test-method> <!-- jsPractice -->
        <test-method is-config="true" signature="teardown()[pri:0, instance:FredAutomation.JavaScriptPractice@6adbc9d]" started-at="2022-07-30T03:44:10 WAT" name="teardown" finished-at="2022-07-30T03:44:10 WAT" duration-ms="358" status="PASS">
          <reporter-output>
          </reporter-output>
        </test-method> <!-- teardown -->
      </class> <!-- FredAutomation.JavaScriptPractice -->
    </test> <!-- JavaScriptPractice -->
    <test started-at="2022-07-30T03:43:43 WAT" name="MiscFunc" finished-at="2022-07-30T03:44:23 WAT" duration-ms="40018">
      <class name="FredAutomation.MiscFunc">
        <test-method is-config="true" signature="setupAll()[pri:0, instance:FredAutomation.MiscFunc@57a3af25]" started-at="2022-07-30T03:43:43 WAT" name="setupAll" finished-at="2022-07-30T03:43:43 WAT" duration-ms="364" status="PASS">
          <reporter-output>
          </reporter-output>
        </test-method> <!-- setupAll -->
        <test-method is-config="true" signature="setup()[pri:0, instance:FredAutomation.MiscFunc@57a3af25]" started-at="2022-07-30T03:43:43 WAT" name="setup" finished-at="2022-07-30T03:43:46 WAT" duration-ms="3379" status="PASS">
          <reporter-output>
          </reporter-output>
        </test-method> <!-- setup -->
        <test-method signature="miscFns()[pri:0, instance:FredAutomation.MiscFunc@57a3af25]" started-at="2022-07-30T03:43:46 WAT" name="miscFns" finished-at="2022-07-30T03:44:22 WAT" duration-ms="35916" status="FAIL">
          <exception class="java.lang.AssertionError">
            <message>
              <![CDATA[The following asserts failed:
The link with Text: Broken Link failed with code 404 expected [true] but found [false]]]>
            </message>
            <full-stacktrace>
              <![CDATA[java.lang.AssertionError: The following asserts failed:
The link with Text: Broken Link failed with code 404 expected [true] but found [false]
at org.testng.asserts.SoftAssert.assertAll(SoftAssert.java:46)
at org.testng.asserts.SoftAssert.assertAll(SoftAssert.java:30)
at FredAutomation.MiscFunc.miscFns(MiscFunc.java:88)
at java.base/jdk.internal.reflect.DirectMethodHandleAccessor.invoke(DirectMethodHandleAccessor.java:104)
at java.base/java.lang.reflect.Method.invoke(Method.java:577)
at org.testng.internal.invokers.MethodInvocationHelper.invokeMethod(MethodInvocationHelper.java:139)
at org.testng.internal.invokers.TestInvoker.invokeMethod(TestInvoker.java:677)
at org.testng.internal.invokers.TestInvoker.invokeTestMethod(TestInvoker.java:221)
at org.testng.internal.invokers.MethodRunner.runInSequence(MethodRunner.java:50)
at org.testng.internal.invokers.TestInvoker$MethodInvocationAgent.invoke(TestInvoker.java:962)
at org.testng.internal.invokers.TestInvoker.invokeTestMethods(TestInvoker.java:194)
at org.testng.internal.invokers.TestMethodWorker.invokeTestMethods(TestMethodWorker.java:148)
at org.testng.internal.invokers.TestMethodWorker.run(TestMethodWorker.java:128)
at java.base/java.util.ArrayList.forEach(ArrayList.java:1511)
at org.testng.TestRunner.privateRun(TestRunner.java:806)
at org.testng.TestRunner.run(TestRunner.java:601)
at org.testng.SuiteRunner.runTest(SuiteRunner.java:433)
at org.testng.SuiteRunner$SuiteWorker.run(SuiteRunner.java:471)
at org.testng.internal.thread.ThreadUtil.lambda$execute$0(ThreadUtil.java:58)
at java.base/java.util.concurrent.FutureTask.run(FutureTask.java:264)
at java.base/java.util.concurrent.ThreadPoolExecutor.runWorker(ThreadPoolExecutor.java:1136)
at java.base/java.util.concurrent.ThreadPoolExecutor$Worker.run(ThreadPoolExecutor.java:635)
at java.base/java.lang.Thread.run(Thread.java:833)
]]>
            </full-stacktrace>
          </exception> <!-- java.lang.AssertionError -->
          <reporter-output>
          </reporter-output>
        </test-method> <!-- miscFns -->
        <test-method is-config="true" signature="teardown()[pri:0, instance:FredAutomation.MiscFunc@57a3af25]" started-at="2022-07-30T03:44:22 WAT" name="teardown" finished-at="2022-07-30T03:44:23 WAT" duration-ms="356" status="PASS">
          <reporter-output>
          </reporter-output>
        </test-method> <!-- teardown -->
      </class> <!-- FredAutomation.MiscFunc -->
    </test> <!-- MiscFunc -->
  </suite> <!-- Suite -->
</testng-results>
