<?xml version="1.0" encoding="UTF-8"?>
<testsuite xmlns:xsi="http://www.w3.org/2001/XMLSchema-instance" xsi:noNamespaceSchemaLocation="https://maven.apache.org/surefire/maven-surefire-plugin/xsd/surefire-test-report-3.0.xsd" version="3.0" name="TestSuite" time="94.388" tests="11" errors="0" skipped="0" failures="1">
  <properties>
[...]
</properties>
  <testcase name="relativeLoc" classname="FredAutomation.RelativeLoc" time="4.737">
    <system-err><![CDATA[SLF4J: Failed to load class "org.slf4j.impl.StaticLoggerBinder".
SLF4J: Defaulting to no-operation (NOP) logger implementation
SLF4J: See http://www.slf4j.org/codes.html#StaticLoggerBinder for further details.
Starting ChromeDriver 108.0.5359.71 (1e0e3868ee06e91ad636a874420e3ca3ae3756ac-refs/branch-heads/5359@{#1016}) on port 22804
Only local connections are allowed.
Please see https://chromedriver.chromium.org/security-considerations for suggestions on keeping ChromeDriver safe.
ChromeDriveSrt awratsi nsgt aCrhtreodm esDurcicveesrs f1u0l8l.y0..5
359.71 (1e0e3868ee06e91ad636a874420e3ca3ae3756ac-refs/branch-heads/5359@{#1016}) on port 44988
Only local connections are allowed.
Please see https://chromedriver.chromium.org/security-considerations for suggestions on keeping ChromeDriver safe.
ChromeDriver was started successfully.
Starting ChromeDriver 108.0.5359.71 (1e0e3868ee06e91ad636a874420e3ca3ae3756ac-refs/branch-heads/5359@{#1016}) on port 40952
Only local connections are allowed.
Please see https://chromedriver.chromium.org/security-considerations for suggestions on keeping ChromeDriver safe.
ChromeDriver was started successfully.
Dec 15, 2022 9:05:07 AM org.openqa.selenium.devtools.CdpVersionFinder findNearestMatch
WARNING: Unable to find an exact match for CDP version 108, so returning the closest version found: 107
Dec 15, 2022 9:05:07 AM org.openqa.selenium.devtools.CdpVersionFinder findNearestMatch
WARNING: Unable to find an exact match for CDP version 108, so returning the closest version found: 107
Dec 15, 2022 9:05:07 AM org.openqa.selenium.devtools.CdpVersionFinder findNearestMatch
WARNING: Unable to find an exact match for CDP version 108, so returning the closest version found: 107
]]></system-err>
  </testcase>
  <testcase name="sortedTables" classname="FredAutomation.SortedTable" time="6.154">
    <system-out><![CDATA[37
]]></system-out>
    <system-err><![CDATA[Starting ChromeDriver 108.0.5359.71 (1e0e3868ee06e91ad636a874420e3ca3ae3756ac-refs/branch-heads/5359@{#1016}) on port 23859
Only local connections are allowed.
Please see https://chromedriver.chromium.org/security-considerations for suggestions on keeping ChromeDriver safe.
ChromeDriver was started successfully.
]]></system-err>
  </testcase>
  <testcase name="chromeOps" classname="FredAutomation.ChromeOps" time="1.236">
    <system-out><![CDATA[expired.badssl.com
]]></system-out>
    <system-err><![CDATA[Dec 15, 2022 9:05:14 AM org.openqa.selenium.devtools.CdpVersionFinder findNearestMatch
WARNING: Unable to find an exact match for CDP version 108, so returning the closest version found: 107
Starting ChromeDriver 108.0.5359.71 (1e0e3868ee06e91ad636a874420e3ca3ae3756ac-refs/branch-heads/5359@{#1016}) on port 11198
Only local connections are allowed.
Please see https://chromedriver.chromium.org/security-considerations for suggestions on keeping ChromeDriver safe.
ChromeDriver was started successfully.
]]></system-err>
  </testcase>
  <testcase name="streamsJ" classname="FredAutomation.StreamsJ" time="0.027">
    <system-out><![CDATA[4
3
Austin
John
Amos
Yomi
Abas
----------------------------
Austin
John
*******************
Ada
Eze
Austin
John
Amos
Yomi
Abas
#########################
AUSTIN
JOHN
AMOS
YOMI
ABAS
#########################
true
Abas
Ada
Amos
Austin
Eze
John
Yomi
#########################
Ada
Eze
Austin
John
Amos
Yomi
Abas
AUSTIN
1
2
3
5
7
9
iiiiiiiiiiiiiiiiiiiiii
5
]]></system-out>
    <system-err><![CDATA[Dec 15, 2022 9:05:15 AM org.openqa.selenium.devtools.CdpVersionFinder findNearestMatch
WARNING: Unable to find an exact match for CDP version 108, so returning the closest version found: 107
]]></system-err>
  </testcase>
  <testcase name="filterTable" classname="FredAutomation.FilterTable" time="3.577">
    <system-out><![CDATA[filterResult: 1
checkedResult: 1
]]></system-out>
    <system-err><![CDATA[Starting ChromeDriver 108.0.5359.71 (1e0e3868ee06e91ad636a874420e3ca3ae3756ac-refs/branch-heads/5359@{#1016}) on port 12795
Only local connections are allowed.
Please see https://chromedriver.chromium.org/security-considerations for suggestions on keeping ChromeDriver safe.
ChromeDriver was started successfully.
Dec 15, 2022 9:05:17 AM org.openqa.selenium.devtools.CdpVersionFinder findNearestMatch
WARNING: Unable to find an exact match for CDP version 108, so returning the closest version found: 107
]]></system-err>
  </testcase>
  <testcase name="newTab" classname="FredAutomation.NewTab" time="12.454">
    <system-err><![CDATA[Starting ChromeDriver 108.0.5359.71 (1e0e3868ee06e91ad636a874420e3ca3ae3756ac-refs/branch-heads/5359@{#1016}) on port 33122
Only local connections are allowed.
Please see https://chromedriver.chromium.org/security-considerations for suggestions on keeping ChromeDriver safe.
ChromeDriver was started successfully.
Dec 15, 2022 9:05:22 AM org.openqa.selenium.devtools.CdpVersionFinder findNearestMatch
WARNING: Unable to find an exact match for CDP version 108, so returning the closest version found: 107
]]></system-err>
  </testcase>
  <testcase name="qaClick" classname="FredAutomation.NewTab" time="6.399">
    <system-out><![CDATA[Appium Mobile Automation Testing from Scratch + Frameworks Tutorial | Udemy
QA Click Academy | Selenium,Jmeter,SoapUI,Appium,Database testing,QA Training Academy
]]></system-out>
    <system-err><![CDATA[Starting ChromeDriver 108.0.5359.71 (1e0e3868ee06e91ad636a874420e3ca3ae3756ac-refs/branch-heads/5359@{#1016}) on port 4242
Only local connections are allowed.
Please see https://chromedriver.chromium.org/security-considerations for suggestions on keeping ChromeDriver safe.
ChromeDriver was started successfully.
Dec 15, 2022 9:05:49 AM org.openqa.selenium.devtools.CdpVersionFinder findNearestMatch
WARNING: Unable to find an exact match for CDP version 108, so returning the closest version found: 107
]]></system-err>
  </testcase>
  <testcase name="calendarPractice" classname="FredAutomation.CalendarPractice" time="11.464">
    <failure message="element click intercepted: Element &lt;iframe width=&quot;700&quot; height=&quot;500&quot; data-src=&quot;../../demoSite/practice/datepicker/default.html&quot; class=&quot;demo-frame lazyloaded&quot; src=&quot;data:image/gif;base64,R0lGODlhAQABAAAAACH5BAEKAAEALAAAAAABAAEAAAICTAEAOw==&quot; cd_frame_id_=&quot;5afe2f5d43c4009ec07fc52c35fa356d&quot;&gt;&lt;/iframe&gt; is not clickable at point (466, 612). Other element would receive the click: &lt;iframe id=&quot;aswift_4&quot; name=&quot;aswift_4&quot; style=&quot;width: 1005px !important; height: 124px !important; display: block; margin: 0px auto;&quot; sandbox=&quot;allow-forms allow-popups allow-popups-to-escape-sandbox allow-same-origin allow-scripts allow-top-navigation-by-user-activation&quot; width=&quot;1005&quot; height=&quot;124&quot; frameborder=&quot;0&quot; marginwidth=&quot;0&quot; marginheight=&quot;0&quot; vspace=&quot;0&quot; hspace=&quot;0&quot; allowtransparency=&quot;true&quot; scrolling=&quot;no&quot; src=&quot;https://googleads.g.doubleclick.net/pagead/html/r20221207/r20110914/zrt_lookup.html?fsb=1#RS-1-&amp;amp;adk=1812271801&amp;amp;client=ca-pub-2878895907861435&amp;amp;fa=1&amp;amp;ifi=5&amp;amp;uci=a!5&amp;amp;btvi=3&amp;amp;xpc=M5ni9km9XA&amp;amp;p=https%3A//www.globalsqa.com&quot; data-google-container-id=&quot;a!5&quot; data-google-query-id=&quot;CL6DtIeV-_sCFQFzGwodj34M8A&quot; data-load-complete=&quot;true&quot;&gt;&lt;/iframe&gt;&#10;  (Session info: chrome=108.0.5359.125)&#10;Build info: version: &apos;4.6.0&apos;, revision: &apos;79f1c02ae20&apos;&#10;System info: os.name: &apos;Windows 10&apos;, os.arch: &apos;amd64&apos;, os.version: &apos;10.0&apos;, java.version: &apos;19.0.1&apos;&#10;Driver info: org.openqa.selenium.chrome.ChromeDriver&#10;Command: [7b55b547778a877bb56b1fe785ed5b05, clickElement {id=fa6bfa67-d9e6-4eb8-b4af-d87bccc49989}]&#10;Capabilities {acceptInsecureCerts: false, browserName: chrome, browserVersion: 108.0.5359.125, chrome: {chromedriverVersion: 108.0.5359.71 (1e0e3868ee06..., userDataDir: C:\Users\HP\AppData\Local\T...}, goog:chromeOptions: {debuggerAddress: localhost:51846}, networkConnectionEnabled: false, pageLoadStrategy: normal, platformName: WINDOWS, proxy: Proxy(), se:cdp: ws://localhost:51846/devtoo..., se:cdpVersion: 108.0.5359.125, setWindowRect: true, strictFileInteractability: false, timeouts: {implicit: 0, pageLoad: 300000, script: 30000}, unhandledPromptBehavior: dismiss and notify, webauthn:extension:credBlob: true, webauthn:extension:largeBlob: true, webauthn:virtualAuthenticators: true}&#10;Element: [[ChromeDriver: chrome on WINDOWS (7b55b547778a877bb56b1fe785ed5b05)] -&gt; css selector: a[class*=&apos;ui-state-default&apos;]]&#10;Session ID: 7b55b547778a877bb56b1fe785ed5b05" type="org.openqa.selenium.ElementClickInterceptedException"><![CDATA[org.openqa.selenium.ElementClickInterceptedException: 
element click intercepted: Element <iframe width="700" height="500" data-src="../../demoSite/practice/datepicker/default.html" class="demo-frame lazyloaded" src="data:image/gif;base64,R0lGODlhAQABAAAAACH5BAEKAAEALAAAAAABAAEAAAICTAEAOw==" cd_frame_id_="5afe2f5d43c4009ec07fc52c35fa356d"></iframe> is not clickable at point (466, 612). Other element would receive the click: <iframe id="aswift_4" name="aswift_4" style="width: 1005px !important; height: 124px !important; display: block; margin: 0px auto;" sandbox="allow-forms allow-popups allow-popups-to-escape-sandbox allow-same-origin allow-scripts allow-top-navigation-by-user-activation" width="1005" height="124" frameborder="0" marginwidth="0" marginheight="0" vspace="0" hspace="0" allowtransparency="true" scrolling="no" src="https://googleads.g.doubleclick.net/pagead/html/r20221207/r20110914/zrt_lookup.html?fsb=1#RS-1-&amp;adk=1812271801&amp;client=ca-pub-2878895907861435&amp;fa=1&amp;ifi=5&amp;uci=a!5&amp;btvi=3&amp;xpc=M5ni9km9XA&amp;p=https%3A//www.globalsqa.com" data-google-container-id="a!5" data-google-query-id="CL6DtIeV-_sCFQFzGwodj34M8A" data-load-complete="true"></iframe>
  (Session info: chrome=108.0.5359.125)
Build info: version: '4.6.0', revision: '79f1c02ae20'
System info: os.name: 'Windows 10', os.arch: 'amd64', os.version: '10.0', java.version: '19.0.1'
Driver info: org.openqa.selenium.chrome.ChromeDriver
Command: [7b55b547778a877bb56b1fe785ed5b05, clickElement {id=fa6bfa67-d9e6-4eb8-b4af-d87bccc49989}]
Capabilities {acceptInsecureCerts: false, browserName: chrome, browserVersion: 108.0.5359.125, chrome: {chromedriverVersion: 108.0.5359.71 (1e0e3868ee06..., userDataDir: C:\Users\HP\AppData\Local\T...}, goog:chromeOptions: {debuggerAddress: localhost:51846}, networkConnectionEnabled: false, pageLoadStrategy: normal, platformName: WINDOWS, proxy: Proxy(), se:cdp: ws://localhost:51846/devtoo..., se:cdpVersion: 108.0.5359.125, setWindowRect: true, strictFileInteractability: false, timeouts: {implicit: 0, pageLoad: 300000, script: 30000}, unhandledPromptBehavior: dismiss and notify, webauthn:extension:credBlob: true, webauthn:extension:largeBlob: true, webauthn:virtualAuthenticators: true}
Element: [[ChromeDriver: chrome on WINDOWS (7b55b547778a877bb56b1fe785ed5b05)] -> css selector: a[class*='ui-state-default']]
Session ID: 7b55b547778a877bb56b1fe785ed5b05
	at java.base/jdk.internal.reflect.DirectConstructorHandleAccessor.newInstance(DirectConstructorHandleAccessor.java:67)
	at java.base/java.lang.reflect.Constructor.newInstanceWithCaller(Constructor.java:500)
	at java.base/java.lang.reflect.Constructor.newInstance(Constructor.java:484)
	at org.openqa.selenium.remote.codec.w3c.W3CHttpResponseCodec.createException(W3CHttpResponseCodec.java:200)
	at org.openqa.selenium.remote.codec.w3c.W3CHttpResponseCodec.decode(W3CHttpResponseCodec.java:133)
	at org.openqa.selenium.remote.codec.w3c.W3CHttpResponseCodec.decode(W3CHttpResponseCodec.java:53)
	at org.openqa.selenium.remote.HttpCommandExecutor.execute(HttpCommandExecutor.java:184)
	at org.openqa.selenium.remote.service.DriverCommandExecutor.invokeExecute(DriverCommandExecutor.java:167)
	at org.openqa.selenium.remote.service.DriverCommandExecutor.execute(DriverCommandExecutor.java:142)
	at org.openqa.selenium.remote.RemoteWebDriver.execute(RemoteWebDriver.java:541)
	at org.openqa.selenium.remote.RemoteWebElement.execute(RemoteWebElement.java:257)
	at org.openqa.selenium.remote.RemoteWebElement.click(RemoteWebElement.java:78)
	at FredAutomation.CalendarPractice.calendarPractice(CalendarPractice.java:73)
	at java.base/jdk.internal.reflect.DirectMethodHandleAccessor.invoke(DirectMethodHandleAccessor.java:104)
	at java.base/java.lang.reflect.Method.invoke(Method.java:578)
	at org.testng.internal.invokers.MethodInvocationHelper.invokeMethod(MethodInvocationHelper.java:139)
	at org.testng.internal.invokers.TestInvoker.invokeMethod(TestInvoker.java:677)
	at org.testng.internal.invokers.TestInvoker.invokeTestMethod(TestInvoker.java:221)
	at org.testng.internal.invokers.MethodRunner.runInSequence(MethodRunner.java:50)
	at org.testng.internal.invokers.TestInvoker$MethodInvocationAgent.invoke(TestInvoker.java:962)
	at org.testng.internal.invokers.TestInvoker.invokeTestMethods(TestInvoker.java:194)
	at org.testng.internal.invokers.TestMethodWorker.invokeTestMethods(TestMethodWorker.java:148)
	at org.testng.internal.invokers.TestMethodWorker.run(TestMethodWorker.java:128)
	at java.base/java.util.ArrayList.forEach(ArrayList.java:1511)
	at org.testng.TestRunner.privateRun(TestRunner.java:806)
	at org.testng.TestRunner.run(TestRunner.java:601)
	at org.testng.SuiteRunner.runTest(SuiteRunner.java:433)
	at org.testng.SuiteRunner$SuiteWorker.run(SuiteRunner.java:471)
	at org.testng.internal.thread.ThreadUtil.lambda$execute$0(ThreadUtil.java:58)
	at java.base/java.util.concurrent.FutureTask.run(FutureTask.java:317)
	at java.base/java.util.concurrent.ThreadPoolExecutor.runWorker(ThreadPoolExecutor.java:1144)
	at java.base/java.util.concurrent.ThreadPoolExecutor$Worker.run(ThreadPoolExecutor.java:642)
	at java.base/java.lang.Thread.run(Thread.java:1589)
]]></failure>
    <system-out><![CDATA[count of links in webpage:27
count of links in footer:20
count of links in column:5
Practice Page
Apache JMeter - Apache JMeter™
]]></system-out>
    <system-err><![CDATA[Starting ChromeDriver 108.0.5359.71 (1e0e3868ee06e91ad636a874420e3ca3ae3756ac-refs/branch-heads/5359@{#1016}) on port 39391
Only local connections are allowed.
Please see https://chromedriver.chromium.org/security-considerations for suggestions on keeping ChromeDriver safe.
ChromeDriver was started successfully.
Dec 15, 2022 9:05:36 AM org.openqa.selenium.devtools.CdpVersionFinder findNearestMatch
WARNING: Unable to find an exact match for CDP version 108, so returning the closest version found: 107
]]></system-err>
  </testcase>
  <testcase name="automationPractice" classname="FredAutomation.AutomationPractice" time="24.147">
    <system-out><![CDATA[The World's Most Popular API Testing Tool | SoapUI
Practice Page
REST API Tutorial
]]></system-out>
    <system-err><![CDATA[Starting ChromeDriver 108.0.5359.71 (1e0e3868ee06e91ad636a874420e3ca3ae3756ac-refs/branch-heads/5359@{#1016}) on port 21876
Only local connections are allowed.
Please see https://chromedriver.chromium.org/security-considerations for suggestions on keeping ChromeDriver safe.
ChromeDriver was started successfully.
Dec 15, 2022 9:05:57 AM org.openqa.selenium.devtools.CdpVersionFinder findNearestMatch
WARNING: Unable to find an exact match for CDP version 108, so returning the closest version found: 107
]]></system-err>
  </testcase>
  <testcase name="jsPractice" classname="FredAutomation.JavaScriptPractice" time="26.012">
    <system-out><![CDATA[amount calculated: 296
amount shown: 296
]]></system-out>
  </testcase>
  <testcase name="miscFns" classname="FredAutomation.MiscFunc" time="39.238">
    <system-out><![CDATA[https://rahulshettyacademy.com/AutomationPractice/# 200
http://www.restapitutorial.com/ 301
https://www.soapui.org/ 200
https://www.udemy.com/course/mobile-automation-using-appiumselenium-3/?referralCode=C46BF551F5B9EAF08E10 200
https://jmeter.apache.org/ 200
https://rahulshettyacademy.com/AutomationPractice/# 200
https://rahulshettyacademy.com/brokenlink 404
https://rahulshettyacademy.com/AutomationPractice/# 200
https://rahulshettyacademy.com/AutomationPractice/# 200
https://rahulshettyacademy.com/AutomationPractice/# 200
https://rahulshettyacademy.com/AutomationPractice/# 200
https://rahulshettyacademy.com/AutomationPractice/# 200
https://rahulshettyacademy.com/AutomationPractice/# 200
https://rahulshettyacademy.com/AutomationPractice/# 200
https://rahulshettyacademy.com/AutomationPractice/# 200
https://rahulshettyacademy.com/AutomationPractice/# 200
https://rahulshettyacademy.com/AutomationPractice/# 200
https://rahulshettyacademy.com/AutomationPractice/# 200
https://rahulshettyacademy.com/AutomationPractice/# 200
https://rahulshettyacademy.com/AutomationPractice/# 200
]]></system-out>
  </testcase>
</testsuite>